# JRE version: Java(TM) SE Runtime Environment (8.0_144-b01) (build 1.8.0_144-b01)
# Java VM: Java HotSpot(TM) 64-Bit Server VM (25.144-b01 mixed mode windows-amd64 compressed oops)
Heap:
 PSYoungGen      total 355840K, used 114635K [0x00000000d6500000, 0x00000000ed400000, 0x0000000100000000)
  eden space 335872K, 28% used [0x00000000d6500000,0x00000000dc3ff298,0x00000000ead00000)
  from space 19968K, 86% used [0x00000000ead00000,0x00000000ebdf3c48,0x00000000ec080000)
  to   space 16384K, 0% used [0x00000000ec300000,0x00000000ec300000,0x00000000ed300000)
 ParOldGen       total 215040K, used 104751K [0x0000000082e00000, 0x0000000090000000, 0x00000000d6500000)
  object space 215040K, 48% used [0x0000000082e00000,0x000000008944be90,0x0000000090000000)
 Metaspace       used 70437K, capacity 73426K, committed 73468K, reserved 1112064K
  class space    used 9515K, capacity 10211K, committed 10236K, reserved 1048576K
GC Heap History (10 events):
Event: 6.119 GC heap before
{Heap before GC invocations=11 (full 2):
 PSYoungGen      total 250880K, used 239104K [0x00000000d6500000, 0x00000000e6a80000, 0x0000000100000000)
  eden space 239104K, 100% used [0x00000000d6500000,0x00000000e4e80000,0x00000000e4e80000)
  from space 11776K, 0% used [0x00000000e5e00000,0x00000000e5e00000,0x00000000e6980000)
  to   space 14336K, 0% used [0x00000000e4e80000,0x00000000e4e80000,0x00000000e5c80000)
 ParOldGen       total 69632K, used 18638K [0x0000000082e00000, 0x0000000087200000, 0x00000000d6500000)
  object space 69632K, 26% used [0x0000000082e00000,0x0000000084033bd8,0x0000000087200000)
 Metaspace       used 46111K, capacity 47598K, committed 47740K, reserved 1091584K
  class space    used 6107K, capacity 6421K, committed 6524K, reserved 1048576K
Event: 6.137 GC heap after
Heap after GC invocations=11 (full 2):
 PSYoungGen      total 253440K, used 14312K [0x00000000d6500000, 0x00000000ed300000, 0x0000000100000000)
  eden space 239104K, 0% used [0x00000000d6500000,0x00000000d6500000,0x00000000e4e80000)
  from space 14336K, 99% used [0x00000000e4e80000,0x00000000e5c7a320,0x00000000e5c80000)
  to   space 16384K, 0% used [0x00000000ec300000,0x00000000ec300000,0x00000000ed300000)
 ParOldGen       total 69632K, used 19908K [0x0000000082e00000, 0x0000000087200000, 0x00000000d6500000)
  object space 69632K, 28% used [0x0000000082e00000,0x0000000084171060,0x0000000087200000)
 Metaspace       used 46111K, capacity 47598K, committed 47740K, reserved 1091584K
  class space    used 6107K, capacity 6421K, committed 6524K, reserved 1048576K
}
Event: 7.535 GC heap before
{Heap before GC invocations=12 (full 2):
 PSYoungGen      total 253440K, used 156571K [0x00000000d6500000, 0x00000000ed300000, 0x0000000100000000)
  eden space 239104K, 59% used [0x00000000d6500000,0x00000000defecb68,0x00000000e4e80000)
  from space 14336K, 99% used [0x00000000e4e80000,0x00000000e5c7a320,0x00000000e5c80000)
  to   space 16384K, 0% used [0x00000000ec300000,0x00000000ec300000,0x00000000ed300000)
 ParOldGen       total 69632K, used 19908K [0x0000000082e00000, 0x0000000087200000, 0x00000000d6500000)
  object space 69632K, 28% used [0x0000000082e00000,0x0000000084171060,0x0000000087200000)
 Metaspace       used 57774K, capacity 59866K, committed 60028K, reserved 1101824K
  class space    used 7653K, capacity 8203K, committed 8316K, reserved 1048576K
Event: 7.551 GC heap after
Heap after GC invocations=12 (full 2):
 PSYoungGen      total 352256K, used 16358K [0x00000000d6500000, 0x00000000ed400000, 0x0000000100000000)
  eden space 335872K, 0% used [0x00000000d6500000,0x00000000d6500000,0x00000000ead00000)
  from space 16384K, 99% used [0x00000000ec300000,0x00000000ed2f9a08,0x00000000ed300000)
  to   space 19968K, 0% used [0x00000000ead00000,0x00000000ead00000,0x00000000ec080000)
 ParOldGen       total 69632K, used 22821K [0x0000000082e00000, 0x0000000087200000, 0x00000000d6500000)
  object space 69632K, 32% used [0x0000000082e00000,0x0000000084449758,0x0000000087200000)
 Metaspace       used 57774K, capacity 59866K, committed 60028K, reserved 1101824K
  class space    used 7653K, capacity 8203K, committed 8316K, reserved 1048576K
}
Event: 7.551 GC heap before
{Heap before GC invocations=13 (full 3):
 PSYoungGen      total 352256K, used 16358K [0x00000000d6500000, 0x00000000ed400000, 0x0000000100000000)
  eden space 335872K, 0% used [0x00000000d6500000,0x00000000d6500000,0x00000000ead00000)
  from space 16384K, 99% used [0x00000000ec300000,0x00000000ed2f9a08,0x00000000ed300000)
  to   space 19968K, 0% used [0x00000000ead00000,0x00000000ead00000,0x00000000ec080000)
 ParOldGen       total 69632K, used 22821K [0x0000000082e00000, 0x0000000087200000, 0x00000000d6500000)
  object space 69632K, 32% used [0x0000000082e00000,0x0000000084449758,0x0000000087200000)
 Metaspace       used 57774K, capacity 59866K, committed 60028K, reserved 1101824K
  class space    used 7653K, capacity 8203K, committed 8316K, reserved 1048576K
Event: 7.670 GC heap after
Heap after GC invocations=13 (full 3):
 PSYoungGen      total 352256K, used 0K [0x00000000d6500000, 0x00000000ed400000, 0x0000000100000000)
  eden space 335872K, 0% used [0x00000000d6500000,0x00000000d6500000,0x00000000ead00000)
  from space 16384K, 0% used [0x00000000ec300000,0x00000000ec300000,0x00000000ed300000)
  to   space 19968K, 0% used [0x00000000ead00000,0x00000000ead00000,0x00000000ec080000)
 ParOldGen       total 96256K, used 33945K [0x0000000082e00000, 0x0000000088c00000, 0x00000000d6500000)
  object space 96256K, 35% used [0x0000000082e00000,0x0000000084f267c0,0x0000000088c00000)
 Metaspace       used 57774K, capacity 59866K, committed 60028K, reserved 1101824K
  class space    used 7653K, capacity 8203K, committed 8316K, reserved 1048576K
}
Event: 10.189 GC heap before
{Heap before GC invocations=14 (full 3):
 PSYoungGen      total 352256K, used 335872K [0x00000000d6500000, 0x00000000ed400000, 0x0000000100000000)
  eden space 335872K, 100% used [0x00000000d6500000,0x00000000ead00000,0x00000000ead00000)
  from space 16384K, 0% used [0x00000000ec300000,0x00000000ec300000,0x00000000ed300000)
  to   space 19968K, 0% used [0x00000000ead00000,0x00000000ead00000,0x00000000ec080000)
 ParOldGen       total 96256K, used 33945K [0x0000000082e00000, 0x0000000088c00000, 0x00000000d6500000)
  object space 96256K, 35% used [0x0000000082e00000,0x0000000084f267c0,0x0000000088c00000)
 Metaspace       used 68743K, capacity 71596K, committed 71676K, reserved 1112064K
  class space    used 9242K, capacity 9914K, committed 9980K, reserved 1048576K
Event: 10.236 GC heap after
Heap after GC invocations=14 (full 3):
 PSYoungGen      total 355840K, used 19936K [0x00000000d6500000, 0x00000000ed400000, 0x0000000100000000)
  eden space 335872K, 0% used [0x00000000d6500000,0x00000000d6500000,0x00000000ead00000)
  from space 19968K, 99% used [0x00000000ead00000,0x00000000ec078020,0x00000000ec080000)
  to   space 16384K, 0% used [0x00000000ec300000,0x00000000ec300000,0x00000000ed300000)
 ParOldGen       total 113152K, used 111924K [0x0000000082e00000, 0x0000000089c80000, 0x00000000d6500000)
  object space 113152K, 98% used [0x0000000082e00000,0x0000000089b4d218,0x0000000089c80000)
 Metaspace       used 68743K, capacity 71596K, committed 71676K, reserved 1112064K
  class space    used 9242K, capacity 9914K, committed 9980K, reserved 1048576K
}
Event: 10.236 GC heap before
{Heap before GC invocations=15 (full 4):
 PSYoungGen      total 355840K, used 19936K [0x00000000d6500000, 0x00000000ed400000, 0x0000000100000000)
  eden space 335872K, 0% used [0x00000000d6500000,0x00000000d6500000,0x00000000ead00000)
  from space 19968K, 99% used [0x00000000ead00000,0x00000000ec078020,0x00000000ec080000)
  to   space 16384K, 0% used [0x00000000ec300000,0x00000000ec300000,0x00000000ed300000)
 ParOldGen       total 113152K, used 111924K [0x0000000082e00000, 0x0000000089c80000, 0x00000000d6500000)
  object space 113152K, 98% used [0x0000000082e00000,0x0000000089b4d218,0x0000000089c80000)
 Metaspace       used 68743K, capacity 71596K, committed 71676K, reserved 1112064K
  class space    used 9242K, capacity 9914K, committed 9980K, reserved 1048576K
Event: 10.486 GC heap after
Heap after GC invocations=15 (full 4):
 PSYoungGen      total 355840K, used 17359K [0x00000000d6500000, 0x00000000ed400000, 0x0000000100000000)
  eden space 335872K, 0% used [0x00000000d6500000,0x00000000d6500000,0x00000000ead00000)
  from space 19968K, 86% used [0x00000000ead00000,0x00000000ebdf3c48,0x00000000ec080000)
  to   space 16384K, 0% used [0x00000000ec300000,0x00000000ec300000,0x00000000ed300000)
 ParOldGen       total 215040K, used 104751K [0x0000000082e00000, 0x0000000090000000, 0x00000000d6500000)
  object space 215040K, 48% used [0x0000000082e00000,0x000000008944be90,0x0000000090000000)
 Metaspace       used 68743K, capacity 71596K, committed 71676K, reserved 1112064K
  class space    used 9242K, capacity 9914K, committed 9980K, reserved 1048576K
}

