# JRE version: Java(TM) SE Runtime Environment (8.0_144-b01) (build 1.8.0_144-b01)
# Java VM: Java HotSpot(TM) 64-Bit Server VM (25.144-b01 mixed mode windows-amd64 compressed oops)
Heap:
 PSYoungGen      total 280576K, used 219071K [0x00000000d6500000, 0x00000000f0b00000, 0x0000000100000000)
  eden space 261632K, 76% used [0x00000000d6500000,0x00000000e297eff8,0x00000000e6480000)
  from space 18944K, 94% used [0x00000000e6480000,0x00000000e75f0f58,0x00000000e7700000)
  to   space 49152K, 0% used [0x00000000edb00000,0x00000000edb00000,0x00000000f0b00000)
 ParOldGen       total 109568K, used 100660K [0x0000000082e00000, 0x0000000089900000, 0x00000000d6500000)
  object space 109568K, 91% used [0x0000000082e00000,0x000000008904d030,0x0000000089900000)
 Metaspace       used 70349K, capacity 73302K, committed 73472K, reserved 1112064K
  class space    used 9500K, capacity 10169K, committed 10240K, reserved 1048576K
GC Heap History (10 events):
Event: 6.437 GC heap before
{Heap before GC invocations=11 (full 2):
 PSYoungGen      total 209408K, used 197120K [0x00000000d6500000, 0x00000000e5400000, 0x0000000100000000)
  eden space 197120K, 100% used [0x00000000d6500000,0x00000000e2580000,0x00000000e2580000)
  from space 12288K, 0% used [0x00000000e3300000,0x00000000e3300000,0x00000000e3f00000)
  to   space 13824K, 0% used [0x00000000e2580000,0x00000000e2580000,0x00000000e3300000)
 ParOldGen       total 75264K, used 17341K [0x0000000082e00000, 0x0000000087780000, 0x00000000d6500000)
  object space 75264K, 23% used [0x0000000082e00000,0x0000000083eef6b8,0x0000000087780000)
 Metaspace       used 45602K, capacity 47042K, committed 47104K, reserved 1089536K
  class space    used 6047K, capacity 6349K, committed 6400K, reserved 1048576K
Event: 6.454 GC heap after
Heap after GC invocations=11 (full 2):
 PSYoungGen      total 210944K, used 13793K [0x00000000d6500000, 0x00000000e8880000, 0x0000000100000000)
  eden space 197120K, 0% used [0x00000000d6500000,0x00000000d6500000,0x00000000e2580000)
  from space 13824K, 99% used [0x00000000e2580000,0x00000000e32f8720,0x00000000e3300000)
  to   space 15872K, 0% used [0x00000000e7900000,0x00000000e7900000,0x00000000e8880000)
 ParOldGen       total 75264K, used 17799K [0x0000000082e00000, 0x0000000087780000, 0x00000000d6500000)
  object space 75264K, 23% used [0x0000000082e00000,0x0000000083f61e70,0x0000000087780000)
 Metaspace       used 45602K, capacity 47042K, committed 47104K, reserved 1089536K
  class space    used 6047K, capacity 6349K, committed 6400K, reserved 1048576K
}
Event: 8.286 GC heap before
{Heap before GC invocations=12 (full 2):
 PSYoungGen      total 210944K, used 184106K [0x00000000d6500000, 0x00000000e8880000, 0x0000000100000000)
  eden space 197120K, 86% used [0x00000000d6500000,0x00000000e0b521b0,0x00000000e2580000)
  from space 13824K, 99% used [0x00000000e2580000,0x00000000e32f8720,0x00000000e3300000)
  to   space 15872K, 0% used [0x00000000e7900000,0x00000000e7900000,0x00000000e8880000)
 ParOldGen       total 75264K, used 17799K [0x0000000082e00000, 0x0000000087780000, 0x00000000d6500000)
  object space 75264K, 23% used [0x0000000082e00000,0x0000000083f61e70,0x0000000087780000)
 Metaspace       used 56983K, capacity 58960K, committed 59028K, reserved 1099776K
  class space    used 7519K, capacity 8026K, committed 8064K, reserved 1048576K
Event: 8.301 GC heap after
Heap after GC invocations=12 (full 2):
 PSYoungGen      total 277504K, used 15849K [0x00000000d6500000, 0x00000000e8980000, 0x0000000100000000)
  eden space 261632K, 0% used [0x00000000d6500000,0x00000000d6500000,0x00000000e6480000)
  from space 15872K, 99% used [0x00000000e7900000,0x00000000e887a7e8,0x00000000e8880000)
  to   space 18944K, 0% used [0x00000000e6480000,0x00000000e6480000,0x00000000e7700000)
 ParOldGen       total 75264K, used 20875K [0x0000000082e00000, 0x0000000087780000, 0x00000000d6500000)
  object space 75264K, 27% used [0x0000000082e00000,0x0000000084262c70,0x0000000087780000)
 Metaspace       used 56983K, capacity 58960K, committed 59028K, reserved 1099776K
  class space    used 7519K, capacity 8026K, committed 8064K, reserved 1048576K
}
Event: 8.301 GC heap before
{Heap before GC invocations=13 (full 3):
 PSYoungGen      total 277504K, used 15849K [0x00000000d6500000, 0x00000000e8980000, 0x0000000100000000)
  eden space 261632K, 0% used [0x00000000d6500000,0x00000000d6500000,0x00000000e6480000)
  from space 15872K, 99% used [0x00000000e7900000,0x00000000e887a7e8,0x00000000e8880000)
  to   space 18944K, 0% used [0x00000000e6480000,0x00000000e6480000,0x00000000e7700000)
 ParOldGen       total 75264K, used 20875K [0x0000000082e00000, 0x0000000087780000, 0x00000000d6500000)
  object space 75264K, 27% used [0x0000000082e00000,0x0000000084262c70,0x0000000087780000)
 Metaspace       used 56983K, capacity 58960K, committed 59028K, reserved 1099776K
  class space    used 7519K, capacity 8026K, committed 8064K, reserved 1048576K
Event: 8.435 GC heap after
Heap after GC invocations=13 (full 3):
 PSYoungGen      total 277504K, used 0K [0x00000000d6500000, 0x00000000e8980000, 0x0000000100000000)
  eden space 261632K, 0% used [0x00000000d6500000,0x00000000d6500000,0x00000000e6480000)
  from space 15872K, 0% used [0x00000000e7900000,0x00000000e7900000,0x00000000e8880000)
  to   space 18944K, 0% used [0x00000000e6480000,0x00000000e6480000,0x00000000e7700000)
 ParOldGen       total 109568K, used 33263K [0x0000000082e00000, 0x0000000089900000, 0x00000000d6500000)
  object space 109568K, 30% used [0x0000000082e00000,0x0000000084e7bf30,0x0000000089900000)
 Metaspace       used 56983K, capacity 58960K, committed 59028K, reserved 1099776K
  class space    used 7519K, capacity 8026K, committed 8064K, reserved 1048576K
}
Event: 10.840 GC heap before
{Heap before GC invocations=14 (full 3):
 PSYoungGen      total 277504K, used 246411K [0x00000000d6500000, 0x00000000e8980000, 0x0000000100000000)
  eden space 261632K, 94% used [0x00000000d6500000,0x00000000e55a2d78,0x00000000e6480000)
  from space 15872K, 0% used [0x00000000e7900000,0x00000000e7900000,0x00000000e8880000)
  to   space 18944K, 0% used [0x00000000e6480000,0x00000000e6480000,0x00000000e7700000)
 ParOldGen       total 109568K, used 33263K [0x0000000082e00000, 0x0000000089900000, 0x00000000d6500000)
  object space 109568K, 30% used [0x0000000082e00000,0x0000000084e7bf30,0x0000000089900000)
 Metaspace       used 65712K, capacity 68314K, committed 68480K, reserved 1107968K
  class space    used 8858K, capacity 9479K, committed 9600K, reserved 1048576K
Event: 10.880 GC heap after
Heap after GC invocations=14 (full 3):
 PSYoungGen      total 280576K, used 18912K [0x00000000d6500000, 0x00000000f0b00000, 0x0000000100000000)
  eden space 261632K, 0% used [0x00000000d6500000,0x00000000d6500000,0x00000000e6480000)
  from space 18944K, 99% used [0x00000000e6480000,0x00000000e76f8010,0x00000000e7700000)
  to   space 49152K, 0% used [0x00000000edb00000,0x00000000edb00000,0x00000000f0b00000)
 ParOldGen       total 109568K, used 108688K [0x0000000082e00000, 0x0000000089900000, 0x00000000d6500000)
  object space 109568K, 99% used [0x0000000082e00000,0x0000000089824338,0x0000000089900000)
 Metaspace       used 65712K, capacity 68314K, committed 68480K, reserved 1107968K
  class space    used 8858K, capacity 9479K, committed 9600K, reserved 1048576K
}
Event: 10.880 GC heap before
{Heap before GC invocations=15 (full 4):
 PSYoungGen      total 280576K, used 18912K [0x00000000d6500000, 0x00000000f0b00000, 0x0000000100000000)
  eden space 261632K, 0% used [0x00000000d6500000,0x00000000d6500000,0x00000000e6480000)
  from space 18944K, 99% used [0x00000000e6480000,0x00000000e76f8010,0x00000000e7700000)
  to   space 49152K, 0% used [0x00000000edb00000,0x00000000edb00000,0x00000000f0b00000)
 ParOldGen       total 109568K, used 108688K [0x0000000082e00000, 0x0000000089900000, 0x00000000d6500000)
  object space 109568K, 99% used [0x0000000082e00000,0x0000000089824338,0x0000000089900000)
 Metaspace       used 65712K, capacity 68314K, committed 68480K, reserved 1107968K
  class space    used 8858K, capacity 9479K, committed 9600K, reserved 1048576K
Event: 11.098 GC heap after
Heap after GC invocations=15 (full 4):
 PSYoungGen      total 280576K, used 17859K [0x00000000d6500000, 0x00000000f0b00000, 0x0000000100000000)
  eden space 261632K, 0% used [0x00000000d6500000,0x00000000d6500000,0x00000000e6480000)
  from space 18944K, 94% used [0x00000000e6480000,0x00000000e75f0f58,0x00000000e7700000)
  to   space 49152K, 0% used [0x00000000edb00000,0x00000000edb00000,0x00000000f0b00000)
 ParOldGen       total 109568K, used 100660K [0x0000000082e00000, 0x0000000089900000, 0x00000000d6500000)
  object space 109568K, 91% used [0x0000000082e00000,0x000000008904d030,0x0000000089900000)
 Metaspace       used 65712K, capacity 68314K, committed 68480K, reserved 1107968K
  class space    used 8858K, capacity 9479K, committed 9600K, reserved 1048576K
}

